; 2026-01-30T23:14:45+00:00
; Warmup Test
; Test launched. Please check every minute for update, for 15 minutes
[Test]
type=warmup
testId=1769814885259
testFile=test.1769814885259.log

[Minute 1]
rps=25.98

[Minute 2]
rps=0

[Minute 3]
rps=22.66

[Minute 4]
rps=0

[Minute 5]
rps=35.59

[Minute 6]
rps=50.06

[Minute 7]
rps=56.77

[Minute 8]
rps=50.49

[Minute 9]
rps=70.67

[Minute 10]
rps=82.52

[Minute 11]
rps=86.70

[Minute 12]
rps=58.88

[Minute 13]
rps=85.64

[Minute 14]
rps=78.44

[Minute 15]
rps=87.57

[Load Generator]
username=null
platform=AWS
instanceId=i-02341f99b1ebf7966
instanceType=m5.large
hostname=ec2-18-212-102-160.compute-1.amazonaws.com

[Elastic Load Balancer]
dns=asg-load-balancer-153114825.us-east-1.elb.amazonaws.com

[Test finished]
