; 2026-01-30T22:27:01+00:00
; Warmup Test
; Test launched. Please check every minute for update, for 15 minutes
[Test]
type=warmup
testId=1769812021982
testFile=test.1769812021982.log

[Minute 1]
rps=12.61

[Minute 2]
rps=0

[Minute 3]
rps=0

[Minute 4]
rps=6.49

[Minute 5]
rps=0

[Minute 6]
rps=27.60

[Minute 7]
rps=21.72

[Minute 8]
rps=24.57

[Minute 9]
rps=51.01

[Minute 10]
rps=71.64

[Minute 11]
rps=63.94

[Minute 12]
rps=68.80

[Minute 13]
rps=70.51

[Minute 14]
rps=0

[Minute 15]
rps=82.99

[Load Generator]
username=null
platform=AWS
instanceId=i-00dbef32eeaff5479
instanceType=m5.large
hostname=ec2-3-80-41-31.compute-1.amazonaws.com

[Elastic Load Balancer]
dns=asg-load-balancer-288235268.us-east-1.elb.amazonaws.com

[Test finished]
